warning package.json: No license field
$ eslint --ext .ts,.tsx,.js src/

C:\Users\gustav.eikaas\repo\fusion-workspace3\fusion-workspace\packages\sidesheet\src\lib\classes\sidesheetController.ts
   8:2  warning  Expected blank line between class members                                                                  lines-between-class-members
  10:2  warning  Expected blank line between class members                                                                  lines-between-class-members
  15:2  warning  Expected blank line between class members                                                                  lines-between-class-members
  19:5  warning  tsdoc-param-tag-missing-hyphen: The @param block should be followed by a parameter name and then a hyphen  tsdoc/syntax
  26:2  warning  Expected blank line between class members                                                                  lines-between-class-members
  36:5  warning  tsdoc-param-tag-missing-hyphen: The @param block should be followed by a parameter name and then a hyphen  tsdoc/syntax
  54:5  warning  tsdoc-param-tag-missing-hyphen: The @param block should be followed by a parameter name and then a hyphen  tsdoc/syntax
  55:5  warning  tsdoc-param-tag-missing-hyphen: The @param block should be followed by a parameter name and then a hyphen  tsdoc/syntax
  69:5  warning  tsdoc-param-tag-missing-hyphen: The @param block should be followed by a parameter name and then a hyphen  tsdoc/syntax
  70:5  warning  tsdoc-param-tag-missing-hyphen: The @param block should be followed by a parameter name and then a hyphen  tsdoc/syntax
  81:5  warning  tsdoc-param-tag-missing-hyphen: The @param block should be followed by a parameter name and then a hyphen  tsdoc/syntax

C:\Users\gustav.eikaas\repo\fusion-workspace3\fusion-workspace\packages\sidesheet\src\lib\hooks\useSidesheet.ts
  5:11  error  Use a `type` instead of an `interface`  @typescript-eslint/consistent-type-definitions

C:\Users\gustav.eikaas\repo\fusion-workspace3\fusion-workspace\packages\sidesheet\src\lib\hooks\useSidesheetItem.ts
  4:52  warning  Unexpected any. Specify a different type  @typescript-eslint/no-explicit-any

C:\Users\gustav.eikaas\repo\fusion-workspace3\fusion-workspace\packages\sidesheet\src\lib\hooks\useSidesheetState.ts
  4:53  warning  Unexpected any. Specify a different type  @typescript-eslint/no-explicit-any

C:\Users\gustav.eikaas\repo\fusion-workspace3\fusion-workspace\packages\sidesheet\src\lib\types\callback.ts
  1:18  error  Use a `type` instead of an `interface`  @typescript-eslint/consistent-type-definitions
  6:18  error  Use a `type` instead of an `interface`  @typescript-eslint/consistent-type-definitions

✖ 16 problems (3 errors, 13 warnings)
  3 errors and 4 warnings potentially fixable with the `--fix` option.

error Command failed with exit code 1.
info Visit https://yarnpkg.com/en/docs/cli/run for documentation about this command.
