warning package.json: No license field
$ eslint --ext .ts,.tsx,.js src/

C:\Users\gustav.eikaas\repo\fusion-workspace3\fusion-workspace\packages\ag-grid\src\lib\components\grid.styles.d.ts
  1:92  warning  Unexpected any. Specify a different type                                                                                                                                                                                                                                                                                                              @typescript-eslint/no-explicit-any
  1:97  error    Don't use `{}` as a type. `{}` actually means "any non-nullish value".
- If you want a type meaning "any object", you probably want `Record<string, unknown>` instead.
- If you want a type meaning "any value", you probably want `unknown` instead.
- If you want a type meaning "empty object", you probably want `Record<string, never>` instead  @typescript-eslint/ban-types

C:\Users\gustav.eikaas\repo\fusion-workspace3\fusion-workspace\packages\ag-grid\src\lib\hooks\useColumnState.js
   9:13  error    Expected { after 'if' condition                                                                               curly
  14:8   warning  React Hook useEffect has a missing dependency: 'columnApi'. Either include it or remove the dependency array  react-hooks/exhaustive-deps

C:\Users\gustav.eikaas\repo\fusion-workspace3\fusion-workspace\packages\ag-grid\src\lib\hooks\useColumnState.ts
  21:5  warning  React Hook useEffect has a missing dependency: 'columnApi'. Either include it or remove the dependency array  react-hooks/exhaustive-deps

C:\Users\gustav.eikaas\repo\fusion-workspace3\fusion-workspace\packages\ag-grid\src\lib\hooks\useHighlightedItem.d.ts
  3:141  warning  Unexpected any. Specify a different type  @typescript-eslint/no-explicit-any

C:\Users\gustav.eikaas\repo\fusion-workspace3\fusion-workspace\packages\ag-grid\src\lib\hooks\useHighlightedItem.js
  8:17  error  Expected { after 'if' condition  curly

C:\Users\gustav.eikaas\repo\fusion-workspace3\fusion-workspace\packages\ag-grid\src\lib\hooks\useHighlightedItem.ts
  8:19  warning  Unexpected any. Specify a different type  @typescript-eslint/no-explicit-any

C:\Users\gustav.eikaas\repo\fusion-workspace3\fusion-workspace\packages\ag-grid\src\lib\utils\columnState.js
  31:13  error  Expected { after 'if' condition  curly

✖ 9 problems (4 errors, 5 warnings)
  3 errors and 0 warnings potentially fixable with the `--fix` option.

error Command failed with exit code 1.
info Visit https://yarnpkg.com/en/docs/cli/run for documentation about this command.
