warning package.json: No license field
$ eslint --ext .ts,.tsx,.js src/

C:\Users\gustav.eikaas\repo\fusion-workspace3\fusion-workspace\packages\power-bi\src\lib\classes\observable.ts
  15:5  warning  tsdoc-param-tag-missing-hyphen: The @param block should be followed by a parameter name and then a hyphen  tsdoc/syntax
  27:5  warning  tsdoc-param-tag-missing-hyphen: The @param block should be followed by a parameter name and then a hyphen  tsdoc/syntax
  43:2  warning  Expected 'this' to be used by class method 'compareFunc'                                                   class-methods-use-this

C:\Users\gustav.eikaas\repo\fusion-workspace3\fusion-workspace\packages\power-bi\src\lib\classes\powerBiController.ts
  65:50  warning  Unexpected any. Specify a different type  @typescript-eslint/no-explicit-any

C:\Users\gustav.eikaas\repo\fusion-workspace3\fusion-workspace\packages\power-bi\src\lib\components\Filter\Filter.tsx
   14:18  error    Use a `type` instead of an `interface`                                                                                                    @typescript-eslint/consistent-type-definitions
   33:11  error    Use a `type` instead of an `interface`                                                                                                    @typescript-eslint/consistent-type-definitions
  189:5   warning  React Hook useEffect has a missing dependency: 'report'. Either include it or remove the dependency array                                 react-hooks/exhaustive-deps
  189:21  warning  React Hook useEffect has a complex expression in the dependency array. Extract it to a separate variable so it can be statically checked  react-hooks/exhaustive-deps

C:\Users\gustav.eikaas\repo\fusion-workspace3\fusion-workspace\packages\power-bi\src\lib\components\PageNavigation\PageNavigation.tsx
   6:11  error    Use a `type` instead of an `interface`                                                                                       @typescript-eslint/consistent-type-definitions
  22:5   warning  React Hook useEffect has missing dependencies: 'controller' and 'pages'. Either include them or remove the dependency array  react-hooks/exhaustive-deps
  27:5   warning  React Hook useEffect has a missing dependency: 'controller'. Either include it or remove the dependency array                react-hooks/exhaustive-deps

C:\Users\gustav.eikaas\repo\fusion-workspace3\fusion-workspace\packages\power-bi\src\lib\components\PowerBi.tsx
  11:11  error  Use a `type` instead of an `interface`  @typescript-eslint/consistent-type-definitions
  22:11  error  Use a `type` instead of an `interface`  @typescript-eslint/consistent-type-definitions

C:\Users\gustav.eikaas\repo\fusion-workspace3\fusion-workspace\packages\power-bi\src\lib\components\QuickFilter\QuickFilter.tsx
   14:11  error  Use a `type` instead of an `interface`  @typescript-eslint/consistent-type-definitions
  113:11  error  Use a `type` instead of an `interface`  @typescript-eslint/consistent-type-definitions

C:\Users\gustav.eikaas\repo\fusion-workspace3\fusion-workspace\packages\power-bi\src\lib\components\expandedFilter\ExpandedFilter.tsx
  8:11  error  Use a `type` instead of an `interface`  @typescript-eslint/consistent-type-definitions

C:\Users\gustav.eikaas\repo\fusion-workspace3\fusion-workspace\packages\power-bi\src\lib\components\filterItemCheckbox\FilterItemCheckbox.tsx
   5:11  error  Use a `type` instead of an `interface`  @typescript-eslint/consistent-type-definitions
  14:11  error  Use a `type` instead of an `interface`  @typescript-eslint/consistent-type-definitions

C:\Users\gustav.eikaas\repo\fusion-workspace3\fusion-workspace\packages\power-bi\src\lib\components\groupPopoverMenu\GroupPopoverMenu.tsx
  15:11  error  Use a `type` instead of an `interface`  @typescript-eslint/consistent-type-definitions

C:\Users\gustav.eikaas\repo\fusion-workspace3\fusion-workspace\packages\power-bi\src\lib\components\quickFilterGroup\QuickFilterGroup.tsx
  10:11  error  Use a `type` instead of an `interface`  @typescript-eslint/consistent-type-definitions

C:\Users\gustav.eikaas\repo\fusion-workspace3\fusion-workspace\packages\power-bi\src\lib\components\switch\Switch.tsx
   3:11  error    Use a `type` instead of an `interface`                                                           @typescript-eslint/consistent-type-definitions
   9:61  warning  Fragments should contain more than one child - otherwise, there’s no need for a Fragment at all  react/jsx-no-useless-fragment
  14:9   warning  Fragments should contain more than one child - otherwise, there’s no need for a Fragment at all  react/jsx-no-useless-fragment
  17:18  error    Use a `type` instead of an `interface`                                                           @typescript-eslint/consistent-type-definitions
  21:9   warning  Fragments should contain more than one child - otherwise, there’s no need for a Fragment at all  react/jsx-no-useless-fragment

C:\Users\gustav.eikaas\repo\fusion-workspace3\fusion-workspace\packages\power-bi\src\lib\components\toggleHideFilterPopover.tsx\ToggleHideFilterPopover.tsx
   7:11  error  Use a `type` instead of an `interface`  @typescript-eslint/consistent-type-definitions
  13:11  error  Use a `type` instead of an `interface`  @typescript-eslint/consistent-type-definitions

C:\Users\gustav.eikaas\repo\fusion-workspace3\fusion-workspace\packages\power-bi\src\lib\components\virtualList\VirtualList.tsx
  8:11  error  Use a `type` instead of an `interface`  @typescript-eslint/consistent-type-definitions

C:\Users\gustav.eikaas\repo\fusion-workspace3\fusion-workspace\packages\power-bi\src\lib\hooks\useIsReady.ts
  13:5  warning  React Hook useEffect has a missing dependency: 'controller'. Either include it or remove the dependency array  react-hooks/exhaustive-deps

C:\Users\gustav.eikaas\repo\fusion-workspace3\fusion-workspace\packages\power-bi\src\lib\hooks\useResizeObserver.ts
   4:4   warning  tsdoc-param-tag-missing-hyphen: The @param block should be followed by a parameter name and then a hyphen              tsdoc/syntax
   5:4   warning  tsdoc-param-tag-missing-hyphen: The @param block should be followed by a parameter name and then a hyphen              tsdoc/syntax
  17:10  warning  Use array destructuring                                                                                                prefer-destructuring
  37:4   error    Expected an assignment or function call and instead saw an expression                                                  @typescript-eslint/no-unused-expressions
  38:4   error    Do not use "@ts-ignore" because it alters compilation errors                                                           @typescript-eslint/ban-ts-comment
  41:5   warning  React Hook useLayoutEffect has a missing dependency: 'handleResize'. Either include it or remove the dependency array  react-hooks/exhaustive-deps

C:\Users\gustav.eikaas\repo\fusion-workspace3\fusion-workspace\packages\power-bi\src\lib\icons\FilterClearIcon.tsx
  4:11  error  Use a `type` instead of an `interface`  @typescript-eslint/consistent-type-definitions

C:\Users\gustav.eikaas\repo\fusion-workspace3\fusion-workspace\packages\power-bi\src\lib\icons\FilterCollapseIcon.tsx
  3:11  error  Use a `type` instead of an `interface`  @typescript-eslint/consistent-type-definitions

C:\Users\gustav.eikaas\repo\fusion-workspace3\fusion-workspace\packages\power-bi\src\lib\icons\FilterExpandIcon.tsx
  3:11  error  Use a `type` instead of an `interface`  @typescript-eslint/consistent-type-definitions

C:\Users\gustav.eikaas\repo\fusion-workspace3\fusion-workspace\packages\power-bi\src\lib\types\error.ts
  1:18  error  Use a `type` instead of an `interface`  @typescript-eslint/consistent-type-definitions

C:\Users\gustav.eikaas\repo\fusion-workspace3\fusion-workspace\packages\power-bi\src\lib\types\filter.ts
   4:18  error  Use a `type` instead of an `interface`  @typescript-eslint/consistent-type-definitions
  15:18  error  Use a `type` instead of an `interface`  @typescript-eslint/consistent-type-definitions
  26:18  error  Use a `type` instead of an `interface`  @typescript-eslint/consistent-type-definitions
  33:18  error  Use a `type` instead of an `interface`  @typescript-eslint/consistent-type-definitions

C:\Users\gustav.eikaas\repo\fusion-workspace3\fusion-workspace\packages\power-bi\src\lib\types\observable.ts
  4:18  error  Use a `type` instead of an `interface`  @typescript-eslint/consistent-type-definitions

C:\Users\gustav.eikaas\repo\fusion-workspace3\fusion-workspace\packages\power-bi\src\lib\utils\createAdvancedPbiFilter.ts
  39:11  warning  Forbidden non-null assertion                                  @typescript-eslint/no-non-null-assertion
  42:3   error    Do not use "@ts-ignore" because it alters compilation errors  @typescript-eslint/ban-ts-comment

C:\Users\gustav.eikaas\repo\fusion-workspace3\fusion-workspace\packages\power-bi\src\lib\utils\getFiltersAsync.ts
  13:57  warning  Expected '===' and instead saw '=='  eqeqeq

C:\Users\gustav.eikaas\repo\fusion-workspace3\fusion-workspace\packages\power-bi\src\lib\utils\transformData.ts
  18:34  warning  tsdoc-malformed-html-name: Invalid HTML element: An HTML name must be an ASCII letter followed by zero or more letters, digits, or hyphens  tsdoc/syntax
  29:34  warning  tsdoc-malformed-html-name: Invalid HTML element: An HTML name must be an ASCII letter followed by zero or more letters, digits, or hyphens  tsdoc/syntax
  61:4   warning  tsdoc-param-tag-missing-hyphen: The @param block should be followed by a parameter name and then a hyphen                                   tsdoc/syntax
  65:3   error    Return statement should not contain assignment                                                                                              no-return-assign
  67:3   error    Return statement should not contain assignment                                                                                              no-return-assign

✖ 52 problems (31 errors, 21 warnings)
  26 errors and 0 warnings potentially fixable with the `--fix` option.

error Command failed with exit code 1.
info Visit https://yarnpkg.com/en/docs/cli/run for documentation about this command.
